<?xml version="1.0" encoding="UTF-8"?>
<!-- Generated by org.testng.reporters.JUnitReportReporter -->
<testsuite skipped="0" hostname="LAPTOP-7HB0GS3K" name="testCases.HomePageTests" tests="1" failures="0" timestamp="10 Feb 2020 00:11:08 GMT" time="16.178" errors="0">
  <testcase name="checkGetMyPriceButton" time="16.178" classname="testCases.HomePageTests"/>
</testsuite> <!-- testCases.HomePageTests -->
