<?xml version="1.0" encoding="UTF-8"?>
<!-- Generated by org.testng.reporters.JUnitReportReporter -->
<testsuite skipped="0" hostname="LAPTOP-7HB0GS3K" name="testCases.HomePageTests" tests="1" failures="0" timestamp="08 Feb 2020 21:37:38 GMT" time="17.980" errors="0">
  <testcase name="checkGetMyPriceButton" time="17.980" classname="testCases.HomePageTests"/>
</testsuite> <!-- testCases.HomePageTests -->
