<?xml version="1.0" encoding="UTF-8"?>
<!-- Generated by org.testng.reporters.JUnitReportReporter -->
<testsuite skipped="0" hostname="LAPTOP-7HB0GS3K" name="testCases.HomePageTests" tests="1" failures="0" timestamp="23 Feb 2020 22:58:13 GMT" time="16.543" errors="0">
  <testcase name="checkGetMyPriceButton" time="16.543" classname="testCases.HomePageTests"/>
</testsuite> <!-- testCases.HomePageTests -->
